<?xml version="1.0" encoding="UTF-8"?>
<!-- Generated by org.testng.reporters.JUnitXMLReporter -->
<testsuite hostname="DESKTOP-0BR2GDR" name="Test" tests="3" failures="2" timestamp="24 Apr 2019 17:18:39 GMT" time="28.452" errors="0">
  <testcase name="info" time="2.561" classname="testDD.SeleniumOne">
    <failure type="java.lang.AssertionError" message="expected [okooooo] but found [By logging in, I agree to the  UPS Technology Agreement. 
will open in a new window]">
      <![CDATA[java.lang.AssertionError: expected [okooooo] but found [By logging in, I agree to the  UPS Technology Agreement. 
will open in a new window]
	at testDD.SeleniumOne.info(SeleniumOne.java:50)
... Removed 29 stack frames]]>
    </failure>
  </testcase> <!-- info -->
  <testcase name="info" time="3.657" classname="testDD.SeleniumOne">
    <failure type="java.lang.AssertionError" message="expected [okooooo] but found [By logging in, I agree to the  UPS Technology Agreement. 
will open in a new window]">
      <![CDATA[java.lang.AssertionError: expected [okooooo] but found [By logging in, I agree to the  UPS Technology Agreement. 
will open in a new window]
	at testDD.SeleniumOne.info(SeleniumOne.java:50)
... Removed 29 stack frames]]>
    </failure>
  </testcase> <!-- info -->
  <testcase name="photoforme" time="0.002" classname="testDD.SeleniumOne">
    <skipped/>
  </testcase> <!-- photoforme -->
</testsuite> <!-- Test -->
