<?xml version="1.0" encoding="UTF-8"?>
<testng-results skipped="0" failed="0" total="2" passed="2">
  <reporter-output>
  </reporter-output>
  <suite name="Default suite" duration-ms="35" started-at="2019-04-27T02:12:20Z" finished-at="2019-04-27T02:12:20Z">
    <groups>
    </groups>
    <test name="Default test" duration-ms="35" started-at="2019-04-27T02:12:20Z" finished-at="2019-04-27T02:12:20Z">
      <class name="testBB.BBOne">
        <test-method status="PASS" signature="open()[pri:0, instance:testBB.BBOne@5f375618]" name="open" is-config="true" duration-ms="14" started-at="2019-04-26T22:12:20Z" finished-at="2019-04-26T22:12:20Z">
          <reporter-output>
          </reporter-output>
        </test-method> <!-- open -->
        <test-method status="PASS" signature="BB1()[pri:0, instance:testBB.BBOne@5f375618]" name="BB1" duration-ms="5" started-at="2019-04-26T22:12:20Z" finished-at="2019-04-26T22:12:20Z">
          <reporter-output>
          </reporter-output>
        </test-method> <!-- BB1 -->
        <test-method status="PASS" signature="hh()[pri:0, instance:testBB.BBOne@5f375618]" name="hh" duration-ms="1" started-at="2019-04-26T22:12:20Z" finished-at="2019-04-26T22:12:20Z">
          <reporter-output>
          </reporter-output>
        </test-method> <!-- hh -->
        <test-method status="PASS" signature="close()[pri:0, instance:testBB.BBOne@5f375618]" name="close" is-config="true" duration-ms="0" started-at="2019-04-26T22:12:20Z" finished-at="2019-04-26T22:12:20Z">
          <reporter-output>
          </reporter-output>
        </test-method> <!-- close -->
      </class> <!-- testBB.BBOne -->
    </test> <!-- Default test -->
  </suite> <!-- Default suite -->
</testng-results>
